[35m[1mConsolidate compiler generated dependencies of target hello_moveit2[0m
[ 50%] [32mBuilding CXX object CMakeFiles/hello_moveit2.dir/src/hello_moveit2.cpp.o[0m
[01m[K/home/inouemakoto/interbotix_ws/src/hello_moveit2/src/hello_moveit2.cpp:[m[K In function â€˜[01m[Kint main(int, char**)[m[Kâ€™:
[01m[K/home/inouemakoto/interbotix_ws/src/hello_moveit2/src/hello_moveit2.cpp:38:3:[m[K [01;31m[Kerror: [m[Kâ€˜[01m[Kvisual_tools[m[Kâ€™ was not declared in this scope; did you mean â€˜[01m[Krviz_visual_tools[m[Kâ€™?
   38 |   [01;31m[Kvisual_tools[m[K = std::make_shared<moveit_visual_tools::MoveItVisualTools>(
      |   [01;31m[K^~~~~~~~~~~~[m[K
      |   [32m[Krviz_visual_tools[m[K
[01m[K/home/inouemakoto/interbotix_ws/src/hello_moveit2/src/hello_moveit2.cpp:40:15:[m[K [01;31m[Kerror: [m[Kbase operand of â€˜[01m[K->[m[Kâ€™ has non-pointer type â€˜[01m[Kmoveit::planning_interface::MoveGroupInterface[m[Kâ€™
   40 |     move_group[01;31m[K->[m[KgetPlanningFrame(),
      |               [01;31m[K^~[m[K
[01m[K/home/inouemakoto/interbotix_ws/src/hello_moveit2/src/hello_moveit2.cpp:43:3:[m[K [01;31m[Kerror: [m[Kâ€˜[01m[Ktext_pose[m[Kâ€™ was not declared in this scope
   43 |   [01;31m[Ktext_pose[m[K = Eigen::Isometry3d::Identity();
      |   [01;31m[K^~~~~~~~~[m[K
[01m[K/home/inouemakoto/interbotix_ws/src/hello_moveit2/src/hello_moveit2.cpp:56:70:[m[K [01;31m[Kerror: [m[Kâ€˜[01m[Kclass moveit::planning_interface::MoveGroupInterface[m[Kâ€™ has no member named â€˜[01m[KgetJoint[m[Kâ€™; did you mean â€˜[01m[KgetJoints[m[Kâ€™?
   56 | py(move_group.getJointModelGroupNames().begin(), move_group.[01;31m[KgetJoint[m[K<odelGroupNames().end(),
      |                                                             [01;31m[K^~~~~~~~[m[K
      |                                                             [32m[KgetJoints[m[K
[01m[K/home/inouemakoto/interbotix_ws/src/hello_moveit2/src/hello_moveit2.cpp:56:79:[m[K [01;31m[Kerror: [m[Kâ€˜[01m[KodelGroupNames[m[Kâ€™ was not declared in this scope
   56 | roup.getJointModelGroupNames().begin(), move_group.getJoint<[01;31m[KodelGroupNames[m[K().end(),
      |                                                             [01;31m[K^~~~~~~~~~~~~~[m[K

[01m[K/home/inouemakoto/interbotix_ws/src/hello_moveit2/src/hello_moveit2.cpp:62:3:[m[K [01;31m[Kerror: [m[Kâ€˜[01m[Ktarget_pose1[m[Kâ€™ was not declared in this scope
   62 |   [01;31m[Ktarget_pose1[m[K.orientation.w = 1.0;
      |   [01;31m[K^~~~~~~~~~~~[m[K
[01m[K/home/inouemakoto/interbotix_ws/src/hello_moveit2/src/hello_moveit2.cpp:70:61:[m[K [01;31m[Kerror: [m[Kâ€˜[01m[Kmoveit::core::MoveitErroeCode[m[Kâ€™ has not been declared
   70 |   bool success = (move_group.plan(my_plan) == moveit::core::[01;31m[KMoveitErroeCode[m[K::SUCCESS);
      |                                                             [01;31m[K^~~~~~~~~~~~~~~[m[K
In file included from [01m[K/home/inouemakoto/ws_moveit2/install/moveit_core/include/moveit/kinematics_base/kinematics_base.h:42[m[K,
                 from [01m[K/home/inouemakoto/ws_moveit2/install/moveit_core/include/moveit/robot_model/joint_model_group.h:42[m[K,
                 from [01m[K/home/inouemakoto/ws_moveit2/install/moveit_core/include/moveit/robot_model/robot_model.h:45[m[K,
                 from [01m[K/home/inouemakoto/ws_moveit2/install/moveit_core/include/moveit/robot_state/robot_state.h:40[m[K,
                 from [01m[K/home/inouemakoto/ws_moveit2/install/moveit_ros_planning_interface/include/moveit/move_group_interface/move_group_interface.h:41[m[K,
                 from [01m[K/home/inouemakoto/interbotix_ws/src/hello_moveit2/src/hello_moveit2.cpp:1[m[K:
[01m[K/home/inouemakoto/interbotix_ws/src/hello_moveit2/src/hello_moveit2.cpp:75:3:[m[K [01;31m[Kerror: [m[Kexpected â€˜[01m[K;[m[Kâ€™ before â€˜[01m[Kdo[m[Kâ€™
   75 |   [01;31m[KRCLCPP_INFO[m[K(LOGGER, "visualizing plan 1 as trajectory line");
      |   [01;31m[K^~~~~~~~~~~[m[K
[01m[K/home/inouemakoto/interbotix_ws/src/hello_moveit2/src/hello_moveit2.cpp:77:52:[m[K [01;31m[Kerror: [m[Kâ€˜[01m[Krvt[m[Kâ€™ has not been declared
   77 |   visual_tools.publishText(text_pose, "Pose_Goal", [01;31m[Krvt[m[K::WHITE, rvt::XLARGE);
      |                                                    [01;31m[K^~~[m[K
[01m[K/home/inouemakoto/interbotix_ws/src/hello_moveit2/src/hello_moveit2.cpp:77:64:[m[K [01;31m[Kerror: [m[Kâ€˜[01m[Krvt[m[Kâ€™ has not been declared
   77 | isual_tools.publishText(text_pose, "Pose_Goal", rvt::WHITE, [01;31m[Krvt[m[K::XLARGE);
      |                                                             [01;31m[K^~~[m[K

[01m[K/home/inouemakoto/interbotix_ws/src/hello_moveit2/src/hello_moveit2.cpp:78:38:[m[K [01;31m[Kerror: [m[Kâ€˜[01m[Kmyplan[m[Kâ€™ was not declared in this scope; did you mean â€˜[01m[Kmy_plan[m[Kâ€™?
   78 |   visual_tools.publishTrajectoryLine([01;31m[Kmyplan[m[K.trajectory, joint_model_group);
      |                                      [01;31m[K^~~~~~[m[K
      |                                      [32m[Kmy_plan[m[K
gmake[2]: *** [CMakeFiles/hello_moveit2.dir/build.make:76: CMakeFiles/hello_moveit2.dir/src/hello_moveit2.cpp.o] Error 1
gmake[1]: *** [CMakeFiles/Makefile2:137: CMakeFiles/hello_moveit2.dir/all] Error 2
gmake: *** [Makefile:146: all] Error 2
